<?xml version="1.0" encoding="UTF-8"?>
<!-- Generated by org.testng.reporters.JUnitReportReporter -->
<testsuite hostname="Himani" failures="0" tests="1" name="com.qa.crm.testcases.LoginPageTest" time="13.325" errors="0" timestamp="2021-10-09T02:00:16 PDT" skipped="0">
  <testcase classname="com.qa.crm.testcases.LoginPageTest" name="validateLoginPageTitleTest" time="13.325"/>
  <system-out/>
</testsuite> <!-- com.qa.crm.testcases.LoginPageTest -->
